<?xml version="1.0" encoding="UTF-8"?>
<!-- Generated by org.testng.reporters.JUnitReportReporter -->
<testsuite hostname="DESKTOP-8CR6PU0" failures="0" tests="1" name="com.test.github.TestClassA" time="8.187" errors="0" timestamp="2024-11-16T21:33:15 PKT" skipped="0">
  <testcase classname="com.test.github.TestClassA" name="testUntitled" time="8.187"/>
  <system-out/>
</testsuite> <!-- com.test.github.TestClassA -->
